Using pre-set license
Built from '2020.3/china_unity/release' branch; Version is '2020.3.3f1c1 (a34b99c2c582) revision 10701721'; Using compiler version '192528614'; Build Type 'Release'
OS: 'Windows 10 Pro; OS build 19041.1052; Version 2004; 64bit' Language: 'zh' Physical Memory: 16343 MB
BatchMode: 1, IsHumanControllingUs: 0, StartBugReporterOnCrash: 0, Is64bit: 1, IsPro: 0

 COMMAND LINE ARGUMENTS:
F:\Unity\Editor\Unity.exe
-adb2
-batchMode
-noUpm
-name
AssetImportWorker0
-projectPath
F:/Project/Unity/PlayableDemo
-logFile
Logs/AssetImportWorker0.log
-srvPort
55184
Successfully changed project path to: F:/Project/Unity/PlayableDemo
F:/Project/Unity/PlayableDemo
Using Asset Import Pipeline V2.
Refreshing native plugins compatible for Editor in 27.23 ms, found 0 plugins.
Preloading 0 native plugins for Editor in 0.00 ms.
Initialize engine version: 2020.3.3f1c1 (a34b99c2c582)
[Subsystems] Discovering subsystems at path F:/Unity/Editor/Data/Resources/UnitySubsystems
[Subsystems] Discovering subsystems at path F:/Project/Unity/PlayableDemo/Assets
GfxDevice: creating device client; threaded=0
Direct3D:
    Version:  Direct3D 11.0 [level 11.1]
    Renderer: NVIDIA GeForce GTX 1060 6GB (ID=0x1c03)
    Vendor:   
    VRAM:     6052 MB
    Driver:   27.21.14.5671
Initialize mono
Mono path[0] = 'F:/Unity/Editor/Data/Managed'
Mono path[1] = 'F:/Unity/Editor/Data/MonoBleedingEdge/lib/mono/unityjit'
Mono config path = 'F:/Unity/Editor/Data/MonoBleedingEdge/etc'
Using monoOptions --debugger-agent=transport=dt_socket,embedding=1,server=y,suspend=n,address=127.0.0.1:56972
Begin MonoManager ReloadAssembly
Registering precompiled unity dll's ...
Register platform support module: F:/Unity/Editor/Data/PlaybackEngines/WindowsStandaloneSupport/UnityEditor.WindowsStandalone.Extensions.dll
Registered in 0.001049 seconds.
Native extension for WindowsStandalone target not found
Refreshing native plugins compatible for Editor in 27.23 ms, found 0 plugins.
Preloading 0 native plugins for Editor in 0.00 ms.
Invoked RoslynAnalysisRunner static constructor.
RoslynAnalysisRunner will not be running.
RoslynAnalysisRunner has terminated.
Mono: successfully reloaded assembly
- Completed reload, in  0.825 seconds
Platform modules already initialized, skipping
Registering precompiled user dll's ...
Registered in 0.000782 seconds.
Begin MonoManager ReloadAssembly
Native extension for WindowsStandalone target not found
Refreshing native plugins compatible for Editor in 0.26 ms, found 0 plugins.
Preloading 0 native plugins for Editor in 0.00 ms.
Invoked RoslynAnalysisRunner static constructor.
RoslynAnalysisRunner will not be running.
RoslynAnalysisRunner has terminated.
Mono: successfully reloaded assembly
- Completed reload, in  0.742 seconds
Platform modules already initialized, skipping
========================================================================
Worker process is ready to serve import requests
Launched and connected shader compiler UnityShaderCompiler.exe after 0.05 seconds
Refreshing native plugins compatible for Editor in 0.32 ms, found 0 plugins.
Preloading 0 native plugins for Editor in 0.00 ms.
Unloading 1185 Unused Serialized files (Serialized files now loaded: 0)
System memory in use before: 64.5 MB.
System memory in use after: 64.5 MB.

Unloading 9 unused Assets to reduce memory usage. Loaded Objects now: 1631.
Total: 1.997800 ms (FindLiveObjects: 0.145600 ms CreateObjectMapping: 0.029600 ms MarkObjects: 1.717300 ms  DeleteObjects: 0.104400 ms)

========================================================================
Received Import Request.
  path: Assets/Res/ChanAnimationSO.asset
  artifactKey: Guid(4b99187f59a324545ae0480b992d8c8f) Importer(815301076,1909f56bfc062723c751e8b465ee728b)
Start importing Assets/Res/ChanAnimationSO.asset using Guid(4b99187f59a324545ae0480b992d8c8f) Importer(815301076,1909f56bfc062723c751e8b465ee728b)  -> (artifact id: '63fc4ddb9f5785f436637342ab5d4bed') in 0.069543 seconds
  Import took 0.071885 seconds .

========================================================================
Received Import Request.
  Time since last request: 13.265799 seconds.
  path: Assets/AnimationPlayable/BasePlayableController.cs
  artifactKey: Guid(15c6844d2570ae042874bd563c4f5652) Importer(815301076,1909f56bfc062723c751e8b465ee728b)
Start importing Assets/AnimationPlayable/BasePlayableController.cs using Guid(15c6844d2570ae042874bd563c4f5652) Importer(815301076,1909f56bfc062723c751e8b465ee728b)  -> (artifact id: '4e237c71fe0762b97d5323a2dbac5ea3') in 0.007752 seconds
  Import took 0.009644 seconds .

========================================================================
Received Import Request.
  Time since last request: 7.842640 seconds.
  path: Assets/Scenes/SampleScene.unity
  artifactKey: Guid(9fc0d4010bbf28b4594072e72b8655ab) Importer(815301076,1909f56bfc062723c751e8b465ee728b)
Start importing Assets/Scenes/SampleScene.unity using Guid(9fc0d4010bbf28b4594072e72b8655ab) Importer(815301076,1909f56bfc062723c751e8b465ee728b)  -> (artifact id: 'bc8500a9c10550d0ac2f8d733efb9521') in 0.003059 seconds
  Import took 0.005056 seconds .

========================================================================
Received Import Request.
  Time since last request: 0.004963 seconds.
  path: Assets/Scenes/SampleScene.unity
  artifactKey: Guid(9fc0d4010bbf28b4594072e72b8655ab) Importer(815301076,1909f56bfc062723c751e8b465ee728b)
Start importing Assets/Scenes/SampleScene.unity using Guid(9fc0d4010bbf28b4594072e72b8655ab) Importer(815301076,1909f56bfc062723c751e8b465ee728b)  -> (artifact id: 'bc8500a9c10550d0ac2f8d733efb9521') in 0.001910 seconds
  Import took 0.003792 seconds .

========================================================================
Received Import Request.
  Time since last request: 17.370046 seconds.
  path: Assets/Scenes/SimplePlayableDemo.unity
  artifactKey: Guid(9fc0d4010bbf28b4594072e72b8655ab) Importer(815301076,1909f56bfc062723c751e8b465ee728b)
Start importing Assets/Scenes/SimplePlayableDemo.unity using Guid(9fc0d4010bbf28b4594072e72b8655ab) Importer(815301076,1909f56bfc062723c751e8b465ee728b)  -> (artifact id: 'd86709553bb7699d522cbdd4622a3b3c') in 0.003105 seconds
  Import took 0.005535 seconds .

========================================================================
Received Import Request.
  Time since last request: 0.002510 seconds.
  path: Assets/Scenes/SimplePlayableDemo.unity
  artifactKey: Guid(9fc0d4010bbf28b4594072e72b8655ab) Importer(815301076,1909f56bfc062723c751e8b465ee728b)
Start importing Assets/Scenes/SimplePlayableDemo.unity using Guid(9fc0d4010bbf28b4594072e72b8655ab) Importer(815301076,1909f56bfc062723c751e8b465ee728b)  -> (artifact id: 'd86709553bb7699d522cbdd4622a3b3c') in 0.002635 seconds
  Import took 0.005767 seconds .

========================================================================
Received Import Request.
  Time since last request: 50.111727 seconds.
  path: Assets/Scenes/PlayableAndTimelineDemo.unity
  artifactKey: Guid(1bb7b2d7c91c59747b2b3609e9809711) Importer(815301076,1909f56bfc062723c751e8b465ee728b)
Start importing Assets/Scenes/PlayableAndTimelineDemo.unity using Guid(1bb7b2d7c91c59747b2b3609e9809711) Importer(815301076,1909f56bfc062723c751e8b465ee728b)  -> (artifact id: '66f73f6bca47e58aa8471da3db6f0a81') in 0.003955 seconds
  Import took 0.131378 seconds .

========================================================================
Received Import Request.
  Time since last request: 22.544075 seconds.
  path: Assets/Scripts
  artifactKey: Guid(27581442648dba645911c0feea753ce3) Importer(815301076,1909f56bfc062723c751e8b465ee728b)
Start importing Assets/Scripts using Guid(27581442648dba645911c0feea753ce3) Importer(815301076,1909f56bfc062723c751e8b465ee728b)  -> (artifact id: 'eb0cc7a78d2b0480840a5b90a38edba5') in 0.002286 seconds
  Import took 0.004202 seconds .

========================================================================
Received Prepare
Registering precompiled user dll's ...
Registered in 0.000607 seconds.
Begin MonoManager ReloadAssembly
Native extension for WindowsStandalone target not found
Refreshing native plugins compatible for Editor in 0.27 ms, found 0 plugins.
Preloading 0 native plugins for Editor in 0.00 ms.
Invoked RoslynAnalysisRunner static constructor.
RoslynAnalysisRunner will not be running.
RoslynAnalysisRunner has terminated.
Mono: successfully reloaded assembly
- Completed reload, in  0.778 seconds
Platform modules already initialized, skipping
Refreshing native plugins compatible for Editor in 0.25 ms, found 0 plugins.
Preloading 0 native plugins for Editor in 0.00 ms.
Unloading 1167 Unused Serialized files (Serialized files now loaded: 0)
System memory in use before: 63.1 MB.
System memory in use after: 63.2 MB.

Unloading 4 unused Assets to reduce memory usage. Loaded Objects now: 1634.
Total: 1.488300 ms (FindLiveObjects: 0.135400 ms CreateObjectMapping: 0.035800 ms MarkObjects: 1.304200 ms  DeleteObjects: 0.011400 ms)

========================================================================
Received Import Request.
  Time since last request: 91.060189 seconds.
  path: Assets/Scripts/AnimationPlayable/CustomPlayable
  artifactKey: Guid(3d318d848d7da4c48bbf6ec71d0a9efc) Importer(815301076,1909f56bfc062723c751e8b465ee728b)
Start importing Assets/Scripts/AnimationPlayable/CustomPlayable using Guid(3d318d848d7da4c48bbf6ec71d0a9efc) Importer(815301076,1909f56bfc062723c751e8b465ee728b)  -> (artifact id: 'a9dd0c0d307e81f243f4665ed034f1a4') in 0.004756 seconds
  Import took 0.006716 seconds .

========================================================================
Received Import Request.
  Time since last request: 12.005197 seconds.
  path: Assets/Scripts/AnimationPlayable/ChanAnimationController.cs
  artifactKey: Guid(23d5ed5ffc3363d48a30c0e8140d1ddd) Importer(815301076,1909f56bfc062723c751e8b465ee728b)
Start importing Assets/Scripts/AnimationPlayable/ChanAnimationController.cs using Guid(23d5ed5ffc3363d48a30c0e8140d1ddd) Importer(815301076,1909f56bfc062723c751e8b465ee728b)  -> (artifact id: 'c6b00b6f19e9f816bd86a34487f1480f') in 0.001907 seconds
  Import took 0.003664 seconds .

========================================================================
Received Import Request.
  Time since last request: 0.000977 seconds.
  path: Assets/Scripts/AnimationPlayable/ChanAnimationController.cs
  artifactKey: Guid(23d5ed5ffc3363d48a30c0e8140d1ddd) Importer(815301076,1909f56bfc062723c751e8b465ee728b)
Start importing Assets/Scripts/AnimationPlayable/ChanAnimationController.cs using Guid(23d5ed5ffc3363d48a30c0e8140d1ddd) Importer(815301076,1909f56bfc062723c751e8b465ee728b)  -> (artifact id: 'c6b00b6f19e9f816bd86a34487f1480f') in 0.001741 seconds
  Import took 0.003841 seconds .

========================================================================
Received Import Request.
  Time since last request: 37.585693 seconds.
  path: Assets/Scripts/Component
  artifactKey: Guid(62231fcd8bddc6e48818660bec092055) Importer(815301076,1909f56bfc062723c751e8b465ee728b)
Start importing Assets/Scripts/Component using Guid(62231fcd8bddc6e48818660bec092055) Importer(815301076,1909f56bfc062723c751e8b465ee728b)  -> (artifact id: '914614265f269b1c834f93585e2344c3') in 0.002473 seconds
  Import took 0.004475 seconds .

========================================================================
Received Import Request.
  Time since last request: 0.000513 seconds.
  path: Assets/Scripts/Component
  artifactKey: Guid(62231fcd8bddc6e48818660bec092055) Importer(815301076,1909f56bfc062723c751e8b465ee728b)
Start importing Assets/Scripts/Component using Guid(62231fcd8bddc6e48818660bec092055) Importer(815301076,1909f56bfc062723c751e8b465ee728b)  -> (artifact id: '914614265f269b1c834f93585e2344c3') in 0.001711 seconds
  Import took 0.003818 seconds .

========================================================================
Received Prepare
Registering precompiled user dll's ...
Registered in 0.000689 seconds.
Begin MonoManager ReloadAssembly
Native extension for WindowsStandalone target not found
Refreshing native plugins compatible for Editor in 0.34 ms, found 0 plugins.
Preloading 0 native plugins for Editor in 0.00 ms.
Invoked RoslynAnalysisRunner static constructor.
RoslynAnalysisRunner will not be running.
RoslynAnalysisRunner has terminated.
Mono: successfully reloaded assembly
- Completed reload, in  0.711 seconds
Platform modules already initialized, skipping
Refreshing native plugins compatible for Editor in 0.30 ms, found 0 plugins.
Preloading 0 native plugins for Editor in 0.00 ms.
Unloading 1167 Unused Serialized files (Serialized files now loaded: 0)
System memory in use before: 63.1 MB.
System memory in use after: 63.2 MB.

Unloading 4 unused Assets to reduce memory usage. Loaded Objects now: 1637.
Total: 1.654800 ms (FindLiveObjects: 0.173900 ms CreateObjectMapping: 0.051900 ms MarkObjects: 1.395100 ms  DeleteObjects: 0.013700 ms)

========================================================================
Received Prepare
Registering precompiled user dll's ...
Registered in 0.000589 seconds.
Begin MonoManager ReloadAssembly
Native extension for WindowsStandalone target not found
Refreshing native plugins compatible for Editor in 0.25 ms, found 0 plugins.
Preloading 0 native plugins for Editor in 0.00 ms.
Invoked RoslynAnalysisRunner static constructor.
RoslynAnalysisRunner will not be running.
RoslynAnalysisRunner has terminated.
Mono: successfully reloaded assembly
- Completed reload, in  0.718 seconds
Platform modules already initialized, skipping
Refreshing native plugins compatible for Editor in 0.26 ms, found 0 plugins.
Preloading 0 native plugins for Editor in 0.00 ms.
Unloading 1167 Unused Serialized files (Serialized files now loaded: 0)
System memory in use before: 63.1 MB.
System memory in use after: 63.2 MB.

Unloading 4 unused Assets to reduce memory usage. Loaded Objects now: 1640.
Total: 2.544300 ms (FindLiveObjects: 0.227300 ms CreateObjectMapping: 0.053800 ms MarkObjects: 2.246900 ms  DeleteObjects: 0.015400 ms)

========================================================================
Received Prepare
Registering precompiled user dll's ...
Registered in 0.000774 seconds.
Begin MonoManager ReloadAssembly
Native extension for WindowsStandalone target not found
Refreshing native plugins compatible for Editor in 0.26 ms, found 0 plugins.
Preloading 0 native plugins for Editor in 0.00 ms.
Invoked RoslynAnalysisRunner static constructor.
RoslynAnalysisRunner will not be running.
RoslynAnalysisRunner has terminated.
Mono: successfully reloaded assembly
- Completed reload, in  0.713 seconds
Platform modules already initialized, skipping
Refreshing native plugins compatible for Editor in 0.26 ms, found 0 plugins.
Preloading 0 native plugins for Editor in 0.00 ms.
Unloading 1167 Unused Serialized files (Serialized files now loaded: 0)
System memory in use before: 63.2 MB.
System memory in use after: 63.3 MB.

Unloading 4 unused Assets to reduce memory usage. Loaded Objects now: 1643.
Total: 2.036600 ms (FindLiveObjects: 0.253300 ms CreateObjectMapping: 0.056300 ms MarkObjects: 1.685300 ms  DeleteObjects: 0.040700 ms)

