Using pre-set license
Built from '2020.3/china_unity/release' branch; Version is '2020.3.3f1c1 (a34b99c2c582) revision 10701721'; Using compiler version '192528614'; Build Type 'Release'
OS: 'Windows 10 Pro; OS build 19041.1052; Version 2004; 64bit' Language: 'zh' Physical Memory: 16343 MB
BatchMode: 1, IsHumanControllingUs: 0, StartBugReporterOnCrash: 0, Is64bit: 1, IsPro: 0

 COMMAND LINE ARGUMENTS:
F:\Unity\Editor\Unity.exe
-adb2
-batchMode
-noUpm
-name
AssetImportWorker0
-projectPath
F:/Project/Unity/PlayableDemo
-logFile
Logs/AssetImportWorker0.log
-srvPort
55336
Successfully changed project path to: F:/Project/Unity/PlayableDemo
F:/Project/Unity/PlayableDemo
Using Asset Import Pipeline V2.
Refreshing native plugins compatible for Editor in 24.40 ms, found 0 plugins.
Preloading 0 native plugins for Editor in 0.00 ms.
Initialize engine version: 2020.3.3f1c1 (a34b99c2c582)
[Subsystems] Discovering subsystems at path F:/Unity/Editor/Data/Resources/UnitySubsystems
[Subsystems] Discovering subsystems at path F:/Project/Unity/PlayableDemo/Assets
GfxDevice: creating device client; threaded=0
Direct3D:
    Version:  Direct3D 11.0 [level 11.1]
    Renderer: NVIDIA GeForce GTX 1060 6GB (ID=0x1c03)
    Vendor:   
    VRAM:     6052 MB
    Driver:   27.21.14.5671
Initialize mono
Mono path[0] = 'F:/Unity/Editor/Data/Managed'
Mono path[1] = 'F:/Unity/Editor/Data/MonoBleedingEdge/lib/mono/unityjit'
Mono config path = 'F:/Unity/Editor/Data/MonoBleedingEdge/etc'
Using monoOptions --debugger-agent=transport=dt_socket,embedding=1,server=y,suspend=n,address=127.0.0.1:56568
Begin MonoManager ReloadAssembly
Registering precompiled unity dll's ...
Register platform support module: F:/Unity/Editor/Data/PlaybackEngines/WindowsStandaloneSupport/UnityEditor.WindowsStandalone.Extensions.dll
Registered in 0.001004 seconds.
Native extension for WindowsStandalone target not found
Refreshing native plugins compatible for Editor in 27.44 ms, found 0 plugins.
Preloading 0 native plugins for Editor in 0.00 ms.
Invoked RoslynAnalysisRunner static constructor.
RoslynAnalysisRunner will not be running.
RoslynAnalysisRunner has terminated.
Mono: successfully reloaded assembly
- Completed reload, in  0.813 seconds
Platform modules already initialized, skipping
Registering precompiled user dll's ...
Registered in 0.000591 seconds.
Begin MonoManager ReloadAssembly
Native extension for WindowsStandalone target not found
Refreshing native plugins compatible for Editor in 0.25 ms, found 0 plugins.
Preloading 0 native plugins for Editor in 0.00 ms.
Invoked RoslynAnalysisRunner static constructor.
RoslynAnalysisRunner will not be running.
RoslynAnalysisRunner has terminated.
Mono: successfully reloaded assembly
- Completed reload, in  0.755 seconds
Platform modules already initialized, skipping
========================================================================
Worker process is ready to serve import requests
Launched and connected shader compiler UnityShaderCompiler.exe after 0.05 seconds
Refreshing native plugins compatible for Editor in 0.26 ms, found 0 plugins.
Preloading 0 native plugins for Editor in 0.00 ms.
Unloading 1181 Unused Serialized files (Serialized files now loaded: 0)
System memory in use before: 64.4 MB.
System memory in use after: 64.5 MB.

Unloading 9 unused Assets to reduce memory usage. Loaded Objects now: 1627.
Total: 1.983400 ms (FindLiveObjects: 0.222200 ms CreateObjectMapping: 0.040100 ms MarkObjects: 1.613000 ms  DeleteObjects: 0.107200 ms)

========================================================================
Received Import Request.
  path: Assets/AnimationPlayable/PlayableAddAnimatorController.cs
  artifactKey: Guid(dd712cde1835d904787d8b9fa916755a) Importer(815301076,1909f56bfc062723c751e8b465ee728b)
Start importing Assets/AnimationPlayable/PlayableAddAnimatorController.cs using Guid(dd712cde1835d904787d8b9fa916755a) Importer(815301076,1909f56bfc062723c751e8b465ee728b)  -> (artifact id: '83714312a6a15637e2286c8d23a4ee12') in 0.040260 seconds
  Import took 0.042013 seconds .

========================================================================
Received Import Request.
  Time since last request: 0.000296 seconds.
  path: Assets/Timeline/GameObjectTimeline.playable
  artifactKey: Guid(4ba2691301b07784a9f93b50e43f5af7) Importer(815301076,1909f56bfc062723c751e8b465ee728b)
Start importing Assets/Timeline/GameObjectTimeline.playable using Guid(4ba2691301b07784a9f93b50e43f5af7) Importer(815301076,1909f56bfc062723c751e8b465ee728b)  -> (artifact id: 'e35529d8ef0f9ae7fc5085b6a862130a') in 0.030060 seconds
  Import took 0.031904 seconds .

========================================================================
Received Import Request.
  Time since last request: 30.690228 seconds.
  path: Assets/AnimationPlayable/PlayBlendTreeAnimation.cs
  artifactKey: Guid(3cab52e80f347fa48b17303443bc6662) Importer(815301076,1909f56bfc062723c751e8b465ee728b)
Start importing Assets/AnimationPlayable/PlayBlendTreeAnimation.cs using Guid(3cab52e80f347fa48b17303443bc6662) Importer(815301076,1909f56bfc062723c751e8b465ee728b)  -> (artifact id: '82a71a48ada63afd92bfa0968f6fc782') in 0.002987 seconds
  Import took 0.007401 seconds .

========================================================================
Received Prepare
Registering precompiled user dll's ...
Registered in 0.000837 seconds.
Begin MonoManager ReloadAssembly
Native extension for WindowsStandalone target not found
Refreshing native plugins compatible for Editor in 0.45 ms, found 0 plugins.
Preloading 0 native plugins for Editor in 0.00 ms.
Invoked RoslynAnalysisRunner static constructor.
RoslynAnalysisRunner will not be running.
RoslynAnalysisRunner has terminated.
Mono: successfully reloaded assembly
- Completed reload, in  0.795 seconds
Platform modules already initialized, skipping
Refreshing native plugins compatible for Editor in 0.25 ms, found 0 plugins.
Preloading 0 native plugins for Editor in 0.00 ms.
Unloading 1163 Unused Serialized files (Serialized files now loaded: 0)
System memory in use before: 63.0 MB.
System memory in use after: 63.1 MB.

Unloading 4 unused Assets to reduce memory usage. Loaded Objects now: 1630.
Total: 1.534300 ms (FindLiveObjects: 0.174300 ms CreateObjectMapping: 0.038400 ms MarkObjects: 1.309200 ms  DeleteObjects: 0.011500 ms)

========================================================================
Received Prepare
Registering precompiled user dll's ...
Registered in 0.001095 seconds.
Begin MonoManager ReloadAssembly
Native extension for WindowsStandalone target not found
Refreshing native plugins compatible for Editor in 0.26 ms, found 0 plugins.
Preloading 0 native plugins for Editor in 0.00 ms.
Invoked RoslynAnalysisRunner static constructor.
RoslynAnalysisRunner will not be running.
RoslynAnalysisRunner has terminated.
Mono: successfully reloaded assembly
- Completed reload, in  0.732 seconds
Platform modules already initialized, skipping
Refreshing native plugins compatible for Editor in 0.27 ms, found 0 plugins.
Preloading 0 native plugins for Editor in 0.00 ms.
Unloading 1163 Unused Serialized files (Serialized files now loaded: 0)
System memory in use before: 63.0 MB.
System memory in use after: 63.1 MB.

Unloading 4 unused Assets to reduce memory usage. Loaded Objects now: 1633.
Total: 3.412900 ms (FindLiveObjects: 0.327500 ms CreateObjectMapping: 0.081200 ms MarkObjects: 2.985000 ms  DeleteObjects: 0.017900 ms)

========================================================================
Received Prepare
Registering precompiled user dll's ...
Registered in 0.000655 seconds.
Begin MonoManager ReloadAssembly
Native extension for WindowsStandalone target not found
Refreshing native plugins compatible for Editor in 0.26 ms, found 0 plugins.
Preloading 0 native plugins for Editor in 0.00 ms.
Invoked RoslynAnalysisRunner static constructor.
RoslynAnalysisRunner will not be running.
RoslynAnalysisRunner has terminated.
Mono: successfully reloaded assembly
- Completed reload, in  0.770 seconds
Platform modules already initialized, skipping
Refreshing native plugins compatible for Editor in 0.29 ms, found 0 plugins.
Preloading 0 native plugins for Editor in 0.00 ms.
Unloading 1163 Unused Serialized files (Serialized files now loaded: 0)
System memory in use before: 63.0 MB.
System memory in use after: 63.1 MB.

Unloading 4 unused Assets to reduce memory usage. Loaded Objects now: 1636.
Total: 2.040200 ms (FindLiveObjects: 0.205800 ms CreateObjectMapping: 0.056800 ms MarkObjects: 1.746800 ms  DeleteObjects: 0.030000 ms)

========================================================================
Received Prepare
Registering precompiled user dll's ...
Registered in 0.000628 seconds.
Begin MonoManager ReloadAssembly
Native extension for WindowsStandalone target not found
Refreshing native plugins compatible for Editor in 0.29 ms, found 0 plugins.
Preloading 0 native plugins for Editor in 0.00 ms.
Invoked RoslynAnalysisRunner static constructor.
RoslynAnalysisRunner will not be running.
RoslynAnalysisRunner has terminated.
Mono: successfully reloaded assembly
- Completed reload, in  0.733 seconds
Platform modules already initialized, skipping
Refreshing native plugins compatible for Editor in 0.25 ms, found 0 plugins.
Preloading 0 native plugins for Editor in 0.00 ms.
Unloading 1163 Unused Serialized files (Serialized files now loaded: 0)
System memory in use before: 63.0 MB.
System memory in use after: 63.2 MB.

Unloading 4 unused Assets to reduce memory usage. Loaded Objects now: 1639.
Total: 1.759500 ms (FindLiveObjects: 0.263200 ms CreateObjectMapping: 0.072900 ms MarkObjects: 1.406400 ms  DeleteObjects: 0.016000 ms)

========================================================================
Received Import Request.
  Time since last request: 557.908261 seconds.
  path: Assets/ScriptableObject
  artifactKey: Guid(509eebe67fddf494d8c51fecd17b1eca) Importer(815301076,1909f56bfc062723c751e8b465ee728b)
Start importing Assets/ScriptableObject using Guid(509eebe67fddf494d8c51fecd17b1eca) Importer(815301076,1909f56bfc062723c751e8b465ee728b)  -> (artifact id: 'aa2208d5b45f94e29d63ab7a413e1f66') in 0.006264 seconds
  Import took 0.008861 seconds .

========================================================================
Received Import Request.
  Time since last request: 51.665665 seconds.
  path: Assets/ScriptableObject/ChanAnimationSO.cs
  artifactKey: Guid(dfcc5f9c127e2dc468e64ae9cb556d66) Importer(815301076,1909f56bfc062723c751e8b465ee728b)
Start importing Assets/ScriptableObject/ChanAnimationSO.cs using Guid(dfcc5f9c127e2dc468e64ae9cb556d66) Importer(815301076,1909f56bfc062723c751e8b465ee728b)  -> (artifact id: '02313091abc890a4952c4e4f96ea2422') in 0.008999 seconds
  Import took 0.013260 seconds .

========================================================================
Received Prepare
Registering precompiled user dll's ...
Registered in 0.000700 seconds.
Begin MonoManager ReloadAssembly
Native extension for WindowsStandalone target not found
Refreshing native plugins compatible for Editor in 0.26 ms, found 0 plugins.
Preloading 0 native plugins for Editor in 0.00 ms.
Invoked RoslynAnalysisRunner static constructor.
RoslynAnalysisRunner will not be running.
RoslynAnalysisRunner has terminated.
Mono: successfully reloaded assembly
- Completed reload, in  0.760 seconds
Platform modules already initialized, skipping
Refreshing native plugins compatible for Editor in 0.27 ms, found 0 plugins.
Preloading 0 native plugins for Editor in 0.00 ms.
Unloading 1164 Unused Serialized files (Serialized files now loaded: 0)
System memory in use before: 63.1 MB.
System memory in use after: 63.2 MB.

Unloading 4 unused Assets to reduce memory usage. Loaded Objects now: 1643.
Total: 1.532500 ms (FindLiveObjects: 0.216800 ms CreateObjectMapping: 0.034500 ms MarkObjects: 1.267200 ms  DeleteObjects: 0.012800 ms)

========================================================================
Received Prepare
Registering precompiled user dll's ...
Registered in 0.000692 seconds.
Begin MonoManager ReloadAssembly
Native extension for WindowsStandalone target not found
Refreshing native plugins compatible for Editor in 0.26 ms, found 0 plugins.
Preloading 0 native plugins for Editor in 0.00 ms.
Invoked RoslynAnalysisRunner static constructor.
RoslynAnalysisRunner will not be running.
RoslynAnalysisRunner has terminated.
Mono: successfully reloaded assembly
- Completed reload, in  0.725 seconds
Platform modules already initialized, skipping
Refreshing native plugins compatible for Editor in 0.27 ms, found 0 plugins.
Preloading 0 native plugins for Editor in 0.00 ms.
Unloading 1164 Unused Serialized files (Serialized files now loaded: 0)
System memory in use before: 63.1 MB.
System memory in use after: 63.2 MB.

Unloading 4 unused Assets to reduce memory usage. Loaded Objects now: 1646.
Total: 1.893900 ms (FindLiveObjects: 0.226200 ms CreateObjectMapping: 0.069600 ms MarkObjects: 1.583300 ms  DeleteObjects: 0.013700 ms)

========================================================================
Received Import Request.
  Time since last request: 1049.850278 seconds.
  path: Assets/ScriptableObject/ChanAnimationSO.cs
  artifactKey: Guid(dfcc5f9c127e2dc468e64ae9cb556d66) Importer(815301076,1909f56bfc062723c751e8b465ee728b)
Start importing Assets/ScriptableObject/ChanAnimationSO.cs using Guid(dfcc5f9c127e2dc468e64ae9cb556d66) Importer(815301076,1909f56bfc062723c751e8b465ee728b)  -> (artifact id: 'e88b4090610c8d8bdfe99b72e8c19343') in 0.003965 seconds
  Import took 0.006012 seconds .

========================================================================
Received Import Request.
  Time since last request: 25.243613 seconds.
  path: Assets/Res
  artifactKey: Guid(0d962ecf5b648554fa8591e145d7d4ab) Importer(815301076,1909f56bfc062723c751e8b465ee728b)
Start importing Assets/Res using Guid(0d962ecf5b648554fa8591e145d7d4ab) Importer(815301076,1909f56bfc062723c751e8b465ee728b)  -> (artifact id: 'dd21a3017ad05b2dd281736b9ecefe0a') in 0.003320 seconds
  Import took 0.007174 seconds .

========================================================================
Received Import Request.
  Time since last request: 5.487770 seconds.
  path: Assets/Res/New Chan Animation SO.asset
  artifactKey: Guid(4b99187f59a324545ae0480b992d8c8f) Importer(815301076,1909f56bfc062723c751e8b465ee728b)
Start importing Assets/Res/New Chan Animation SO.asset using Guid(4b99187f59a324545ae0480b992d8c8f) Importer(815301076,1909f56bfc062723c751e8b465ee728b)  -> (artifact id: '7e20176c31290310f9648914268e6bcc') in 0.016925 seconds
  Import took 0.019457 seconds .

========================================================================
Received Prepare
Registering precompiled user dll's ...
Registered in 0.000608 seconds.
Begin MonoManager ReloadAssembly
Native extension for WindowsStandalone target not found
Refreshing native plugins compatible for Editor in 0.70 ms, found 0 plugins.
Preloading 0 native plugins for Editor in 0.00 ms.
Invoked RoslynAnalysisRunner static constructor.
RoslynAnalysisRunner will not be running.
RoslynAnalysisRunner has terminated.
Mono: successfully reloaded assembly
- Completed reload, in  0.720 seconds
Platform modules already initialized, skipping
Refreshing native plugins compatible for Editor in 0.30 ms, found 0 plugins.
Preloading 0 native plugins for Editor in 0.00 ms.
Unloading 1164 Unused Serialized files (Serialized files now loaded: 0)
System memory in use before: 63.1 MB.
System memory in use after: 63.2 MB.

Unloading 4 unused Assets to reduce memory usage. Loaded Objects now: 1649.
Total: 2.372900 ms (FindLiveObjects: 0.346300 ms CreateObjectMapping: 0.102100 ms MarkObjects: 1.905700 ms  DeleteObjects: 0.016400 ms)

========================================================================
Received Prepare
Registering precompiled user dll's ...
Registered in 0.000799 seconds.
Begin MonoManager ReloadAssembly
Native extension for WindowsStandalone target not found
Refreshing native plugins compatible for Editor in 0.27 ms, found 0 plugins.
Preloading 0 native plugins for Editor in 0.00 ms.
Invoked RoslynAnalysisRunner static constructor.
RoslynAnalysisRunner will not be running.
RoslynAnalysisRunner has terminated.
Mono: successfully reloaded assembly
- Completed reload, in  0.723 seconds
Platform modules already initialized, skipping
Refreshing native plugins compatible for Editor in 0.26 ms, found 0 plugins.
Preloading 0 native plugins for Editor in 0.00 ms.
Unloading 1164 Unused Serialized files (Serialized files now loaded: 0)
System memory in use before: 63.1 MB.
System memory in use after: 63.2 MB.

Unloading 4 unused Assets to reduce memory usage. Loaded Objects now: 1652.
Total: 1.752200 ms (FindLiveObjects: 0.221600 ms CreateObjectMapping: 0.076700 ms MarkObjects: 1.433100 ms  DeleteObjects: 0.019700 ms)

========================================================================
Received Prepare
Registering precompiled user dll's ...
Registered in 0.000610 seconds.
Begin MonoManager ReloadAssembly
Native extension for WindowsStandalone target not found
Refreshing native plugins compatible for Editor in 0.26 ms, found 0 plugins.
Preloading 0 native plugins for Editor in 0.00 ms.
Invoked RoslynAnalysisRunner static constructor.
RoslynAnalysisRunner will not be running.
RoslynAnalysisRunner has terminated.
Mono: successfully reloaded assembly
- Completed reload, in  0.733 seconds
Platform modules already initialized, skipping
Refreshing native plugins compatible for Editor in 0.27 ms, found 0 plugins.
Preloading 0 native plugins for Editor in 0.00 ms.
Unloading 1164 Unused Serialized files (Serialized files now loaded: 0)
System memory in use before: 63.1 MB.
System memory in use after: 63.2 MB.

Unloading 4 unused Assets to reduce memory usage. Loaded Objects now: 1655.
Total: 1.646200 ms (FindLiveObjects: 0.181400 ms CreateObjectMapping: 0.045600 ms MarkObjects: 1.405700 ms  DeleteObjects: 0.012800 ms)

========================================================================
Received Prepare
Registering precompiled user dll's ...
Registered in 0.000615 seconds.
Begin MonoManager ReloadAssembly
Native extension for WindowsStandalone target not found
Refreshing native plugins compatible for Editor in 0.26 ms, found 0 plugins.
Preloading 0 native plugins for Editor in 0.00 ms.
Invoked RoslynAnalysisRunner static constructor.
RoslynAnalysisRunner will not be running.
RoslynAnalysisRunner has terminated.
Mono: successfully reloaded assembly
- Completed reload, in  0.724 seconds
Platform modules already initialized, skipping
Refreshing native plugins compatible for Editor in 0.26 ms, found 0 plugins.
Preloading 0 native plugins for Editor in 0.00 ms.
Unloading 1164 Unused Serialized files (Serialized files now loaded: 0)
System memory in use before: 63.1 MB.
System memory in use after: 63.2 MB.

Unloading 4 unused Assets to reduce memory usage. Loaded Objects now: 1658.
Total: 1.925800 ms (FindLiveObjects: 0.193800 ms CreateObjectMapping: 0.047100 ms MarkObjects: 1.669800 ms  DeleteObjects: 0.014300 ms)

========================================================================
Received Prepare
Registering precompiled user dll's ...
Registered in 0.000819 seconds.
Begin MonoManager ReloadAssembly
Native extension for WindowsStandalone target not found
Refreshing native plugins compatible for Editor in 0.26 ms, found 0 plugins.
Preloading 0 native plugins for Editor in 0.00 ms.
Invoked RoslynAnalysisRunner static constructor.
RoslynAnalysisRunner will not be running.
RoslynAnalysisRunner has terminated.
Mono: successfully reloaded assembly
- Completed reload, in  0.706 seconds
Platform modules already initialized, skipping
Refreshing native plugins compatible for Editor in 0.26 ms, found 0 plugins.
Preloading 0 native plugins for Editor in 0.00 ms.
Unloading 1164 Unused Serialized files (Serialized files now loaded: 0)
System memory in use before: 63.1 MB.
System memory in use after: 63.2 MB.

Unloading 4 unused Assets to reduce memory usage. Loaded Objects now: 1661.
Total: 1.508600 ms (FindLiveObjects: 0.141300 ms CreateObjectMapping: 0.049700 ms MarkObjects: 1.303800 ms  DeleteObjects: 0.012800 ms)

========================================================================
Received Prepare
Registering precompiled user dll's ...
Registered in 0.000758 seconds.
Begin MonoManager ReloadAssembly
Native extension for WindowsStandalone target not found
Refreshing native plugins compatible for Editor in 0.26 ms, found 0 plugins.
Preloading 0 native plugins for Editor in 0.00 ms.
Invoked RoslynAnalysisRunner static constructor.
RoslynAnalysisRunner will not be running.
RoslynAnalysisRunner has terminated.
Mono: successfully reloaded assembly
- Completed reload, in  0.730 seconds
Platform modules already initialized, skipping
Refreshing native plugins compatible for Editor in 0.26 ms, found 0 plugins.
Preloading 0 native plugins for Editor in 0.00 ms.
Unloading 1164 Unused Serialized files (Serialized files now loaded: 0)
System memory in use before: 63.1 MB.
System memory in use after: 63.2 MB.

Unloading 4 unused Assets to reduce memory usage. Loaded Objects now: 1664.
Total: 2.021500 ms (FindLiveObjects: 0.337500 ms CreateObjectMapping: 0.067300 ms MarkObjects: 1.595500 ms  DeleteObjects: 0.020400 ms)

========================================================================
Received Prepare
Registering precompiled user dll's ...
Registered in 0.000719 seconds.
Begin MonoManager ReloadAssembly
Native extension for WindowsStandalone target not found
Refreshing native plugins compatible for Editor in 0.27 ms, found 0 plugins.
Preloading 0 native plugins for Editor in 0.00 ms.
Invoked RoslynAnalysisRunner static constructor.
RoslynAnalysisRunner will not be running.
RoslynAnalysisRunner has terminated.
Mono: successfully reloaded assembly
- Completed reload, in  0.743 seconds
Platform modules already initialized, skipping
Refreshing native plugins compatible for Editor in 0.32 ms, found 0 plugins.
Preloading 0 native plugins for Editor in 0.00 ms.
Unloading 1164 Unused Serialized files (Serialized files now loaded: 0)
System memory in use before: 63.1 MB.
System memory in use after: 63.2 MB.

Unloading 4 unused Assets to reduce memory usage. Loaded Objects now: 1667.
Total: 2.389300 ms (FindLiveObjects: 0.226800 ms CreateObjectMapping: 0.076900 ms MarkObjects: 2.069200 ms  DeleteObjects: 0.015400 ms)

========================================================================
Received Prepare
Registering precompiled user dll's ...
Registered in 0.000682 seconds.
Begin MonoManager ReloadAssembly
Native extension for WindowsStandalone target not found
Refreshing native plugins compatible for Editor in 0.29 ms, found 0 plugins.
Preloading 0 native plugins for Editor in 0.00 ms.
Invoked RoslynAnalysisRunner static constructor.
RoslynAnalysisRunner will not be running.
RoslynAnalysisRunner has terminated.
Mono: successfully reloaded assembly
- Completed reload, in  0.790 seconds
Platform modules already initialized, skipping
Refreshing native plugins compatible for Editor in 0.28 ms, found 0 plugins.
Preloading 0 native plugins for Editor in 0.00 ms.
Unloading 1164 Unused Serialized files (Serialized files now loaded: 0)
System memory in use before: 63.1 MB.
System memory in use after: 63.2 MB.

Unloading 4 unused Assets to reduce memory usage. Loaded Objects now: 1670.
Total: 1.952600 ms (FindLiveObjects: 0.264600 ms CreateObjectMapping: 0.088900 ms MarkObjects: 1.577700 ms  DeleteObjects: 0.019900 ms)

========================================================================
Received Import Request.
  Time since last request: 964.316172 seconds.
  path: Assets/ScriptableObject/IListToDict.cs
  artifactKey: Guid(6a9013b6aa9740947b6a2c32a40ca455) Importer(815301076,1909f56bfc062723c751e8b465ee728b)
Start importing Assets/ScriptableObject/IListToDict.cs using Guid(6a9013b6aa9740947b6a2c32a40ca455) Importer(815301076,1909f56bfc062723c751e8b465ee728b)  -> (artifact id: '2709d4a184e4222e1f8b6253350ee7f7') in 0.005974 seconds
  Import took 0.010358 seconds .

========================================================================
Received Prepare
Registering precompiled user dll's ...
Registered in 0.000709 seconds.
Begin MonoManager ReloadAssembly
Native extension for WindowsStandalone target not found
Refreshing native plugins compatible for Editor in 0.26 ms, found 0 plugins.
Preloading 0 native plugins for Editor in 0.00 ms.
Invoked RoslynAnalysisRunner static constructor.
RoslynAnalysisRunner will not be running.
RoslynAnalysisRunner has terminated.
Mono: successfully reloaded assembly
- Completed reload, in  0.728 seconds
Platform modules already initialized, skipping
Refreshing native plugins compatible for Editor in 0.25 ms, found 0 plugins.
Preloading 0 native plugins for Editor in 0.00 ms.
Unloading 1165 Unused Serialized files (Serialized files now loaded: 0)
System memory in use before: 63.2 MB.
System memory in use after: 63.3 MB.

Unloading 4 unused Assets to reduce memory usage. Loaded Objects now: 1674.
Total: 1.828300 ms (FindLiveObjects: 0.207100 ms CreateObjectMapping: 0.033100 ms MarkObjects: 1.574300 ms  DeleteObjects: 0.012800 ms)

========================================================================
Received Import Request.
  Time since last request: 563.870157 seconds.
  path: Assets/Res/ChanAnimationSO.asset
  artifactKey: Guid(4b99187f59a324545ae0480b992d8c8f) Importer(815301076,1909f56bfc062723c751e8b465ee728b)
Start importing Assets/Res/ChanAnimationSO.asset using Guid(4b99187f59a324545ae0480b992d8c8f) Importer(815301076,1909f56bfc062723c751e8b465ee728b)  -> (artifact id: '4fd824fdba44da0c0580b865c200163c') in 0.015352 seconds
  Import took 0.017635 seconds .

========================================================================
Received Import Request.
  Time since last request: 583.324885 seconds.
  path: Assets/AnimationPlayable/PlayLayerAnimation.cs
  artifactKey: Guid(f65870324cd552642911bd962b667967) Importer(815301076,1909f56bfc062723c751e8b465ee728b)
Start importing Assets/AnimationPlayable/PlayLayerAnimation.cs using Guid(f65870324cd552642911bd962b667967) Importer(815301076,1909f56bfc062723c751e8b465ee728b)  -> (artifact id: '8e783785742b5a180237c77cc251fc6c') in 0.002662 seconds
  Import took 0.021693 seconds .

========================================================================
Received Import Request.
  Time since last request: 0.006850 seconds.
  path: Assets/AnimationPlayable/PlayLayerAnimation.cs
  artifactKey: Guid(f65870324cd552642911bd962b667967) Importer(815301076,1909f56bfc062723c751e8b465ee728b)
Start importing Assets/AnimationPlayable/PlayLayerAnimation.cs using Guid(f65870324cd552642911bd962b667967) Importer(815301076,1909f56bfc062723c751e8b465ee728b)  -> (artifact id: '8e783785742b5a180237c77cc251fc6c') in 0.002625 seconds
  Import took 0.004532 seconds .

========================================================================
Received Import Request.
  Time since last request: 0.681647 seconds.
  path: Assets/AnimationPlayable/PlayBlendTreeAnimation.cs
  artifactKey: Guid(3cab52e80f347fa48b17303443bc6662) Importer(815301076,1909f56bfc062723c751e8b465ee728b)
Start importing Assets/AnimationPlayable/PlayBlendTreeAnimation.cs using Guid(3cab52e80f347fa48b17303443bc6662) Importer(815301076,1909f56bfc062723c751e8b465ee728b)  -> (artifact id: '4808b1cd1de563618e56cc815185d93a') in 0.002019 seconds
  Import took 0.003918 seconds .

========================================================================
Received Import Request.
  Time since last request: 0.004267 seconds.
  path: Assets/AnimationPlayable/PlayBlendTreeAnimation.cs
  artifactKey: Guid(3cab52e80f347fa48b17303443bc6662) Importer(815301076,1909f56bfc062723c751e8b465ee728b)
Start importing Assets/AnimationPlayable/PlayBlendTreeAnimation.cs using Guid(3cab52e80f347fa48b17303443bc6662) Importer(815301076,1909f56bfc062723c751e8b465ee728b)  -> (artifact id: '4808b1cd1de563618e56cc815185d93a') in 0.002463 seconds
  Import took 0.004262 seconds .

========================================================================
Received Import Request.
  Time since last request: 37.919972 seconds.
  path: Assets/AnimationPlayable/ChanAnimationPlayable.cs
  artifactKey: Guid(a6ca2d8860393f241a5c013bea507b3d) Importer(815301076,1909f56bfc062723c751e8b465ee728b)
Start importing Assets/AnimationPlayable/ChanAnimationPlayable.cs using Guid(a6ca2d8860393f241a5c013bea507b3d) Importer(815301076,1909f56bfc062723c751e8b465ee728b)  -> (artifact id: '39ea50394fa1f65de9fe87987d7960bc') in 0.020059 seconds
  Import took 0.069459 seconds .

========================================================================
Received Prepare
Registering precompiled user dll's ...
Registered in 0.000579 seconds.
Begin MonoManager ReloadAssembly
Native extension for WindowsStandalone target not found
Refreshing native plugins compatible for Editor in 0.26 ms, found 0 plugins.
Preloading 0 native plugins for Editor in 0.00 ms.
Invoked RoslynAnalysisRunner static constructor.
RoslynAnalysisRunner will not be running.
RoslynAnalysisRunner has terminated.
Mono: successfully reloaded assembly
- Completed reload, in  0.735 seconds
Platform modules already initialized, skipping
Refreshing native plugins compatible for Editor in 0.26 ms, found 0 plugins.
Preloading 0 native plugins for Editor in 0.00 ms.
Unloading 1165 Unused Serialized files (Serialized files now loaded: 0)
System memory in use before: 63.2 MB.
System memory in use after: 63.3 MB.

Unloading 4 unused Assets to reduce memory usage. Loaded Objects now: 1677.
Total: 2.248100 ms (FindLiveObjects: 0.227300 ms CreateObjectMapping: 0.038500 ms MarkObjects: 1.940800 ms  DeleteObjects: 0.040100 ms)

========================================================================
Received Prepare
Registering precompiled user dll's ...
Registered in 0.000689 seconds.
Begin MonoManager ReloadAssembly
Native extension for WindowsStandalone target not found
Refreshing native plugins compatible for Editor in 0.25 ms, found 0 plugins.
Preloading 0 native plugins for Editor in 0.00 ms.
Invoked RoslynAnalysisRunner static constructor.
RoslynAnalysisRunner will not be running.
RoslynAnalysisRunner has terminated.
Mono: successfully reloaded assembly
- Completed reload, in  0.720 seconds
Platform modules already initialized, skipping
Refreshing native plugins compatible for Editor in 0.25 ms, found 0 plugins.
Preloading 0 native plugins for Editor in 0.00 ms.
Unloading 1165 Unused Serialized files (Serialized files now loaded: 0)
System memory in use before: 63.2 MB.
System memory in use after: 63.3 MB.

Unloading 4 unused Assets to reduce memory usage. Loaded Objects now: 1680.
Total: 2.304100 ms (FindLiveObjects: 0.303000 ms CreateObjectMapping: 0.089800 ms MarkObjects: 1.870200 ms  DeleteObjects: 0.039800 ms)

========================================================================
Received Import Request.
  Time since last request: 1255.601913 seconds.
  path: Assets/AnimationPlayable/ChanAnimationPlayable.cs
  artifactKey: Guid(a6ca2d8860393f241a5c013bea507b3d) Importer(815301076,1909f56bfc062723c751e8b465ee728b)
Start importing Assets/AnimationPlayable/ChanAnimationPlayable.cs using Guid(a6ca2d8860393f241a5c013bea507b3d) Importer(815301076,1909f56bfc062723c751e8b465ee728b)  -> (artifact id: '7dd60e6ab64c58c5d75032fbb39960e2') in 0.004673 seconds
  Import took 0.021380 seconds .

========================================================================
Received Import Request.
  Time since last request: 33.043893 seconds.
  path: Assets/AnimationPlayable/ChanAnimationController.cs
  artifactKey: Guid(23d5ed5ffc3363d48a30c0e8140d1ddd) Importer(815301076,1909f56bfc062723c751e8b465ee728b)
Start importing Assets/AnimationPlayable/ChanAnimationController.cs using Guid(23d5ed5ffc3363d48a30c0e8140d1ddd) Importer(815301076,1909f56bfc062723c751e8b465ee728b)  -> (artifact id: 'eabd8f5c56d56f299335765380a3a979') in 0.003260 seconds
  Import took 0.005366 seconds .

========================================================================
Received Prepare
Registering precompiled user dll's ...
Registered in 0.000555 seconds.
Begin MonoManager ReloadAssembly
Native extension for WindowsStandalone target not found
Refreshing native plugins compatible for Editor in 0.26 ms, found 0 plugins.
Preloading 0 native plugins for Editor in 0.00 ms.
Invoked RoslynAnalysisRunner static constructor.
RoslynAnalysisRunner will not be running.
RoslynAnalysisRunner has terminated.
Mono: successfully reloaded assembly
- Completed reload, in  0.770 seconds
Platform modules already initialized, skipping
Refreshing native plugins compatible for Editor in 0.26 ms, found 0 plugins.
Preloading 0 native plugins for Editor in 0.00 ms.
Unloading 1166 Unused Serialized files (Serialized files now loaded: 0)
System memory in use before: 63.2 MB.
System memory in use after: 63.3 MB.

Unloading 4 unused Assets to reduce memory usage. Loaded Objects now: 1684.
Total: 1.833700 ms (FindLiveObjects: 0.220200 ms CreateObjectMapping: 0.048100 ms MarkObjects: 1.552900 ms  DeleteObjects: 0.011300 ms)

========================================================================
Received Prepare
Registering precompiled user dll's ...
Registered in 0.001006 seconds.
Begin MonoManager ReloadAssembly
Native extension for WindowsStandalone target not found
Refreshing native plugins compatible for Editor in 0.29 ms, found 0 plugins.
Preloading 0 native plugins for Editor in 0.00 ms.
Invoked RoslynAnalysisRunner static constructor.
RoslynAnalysisRunner will not be running.
RoslynAnalysisRunner has terminated.
Mono: successfully reloaded assembly
- Completed reload, in  0.733 seconds
Platform modules already initialized, skipping
Refreshing native plugins compatible for Editor in 0.25 ms, found 0 plugins.
Preloading 0 native plugins for Editor in 0.00 ms.
Unloading 1166 Unused Serialized files (Serialized files now loaded: 0)
System memory in use before: 63.2 MB.
System memory in use after: 63.3 MB.

Unloading 4 unused Assets to reduce memory usage. Loaded Objects now: 1687.
Total: 1.661800 ms (FindLiveObjects: 0.208200 ms CreateObjectMapping: 0.052800 ms MarkObjects: 1.356900 ms  DeleteObjects: 0.043100 ms)

========================================================================
Received Import Request.
  Time since last request: 513.577927 seconds.
  path: Assets/AnimationPlayable/BasePlayableController.cs
  artifactKey: Guid(15c6844d2570ae042874bd563c4f5652) Importer(815301076,1909f56bfc062723c751e8b465ee728b)
Start importing Assets/AnimationPlayable/BasePlayableController.cs using Guid(15c6844d2570ae042874bd563c4f5652) Importer(815301076,1909f56bfc062723c751e8b465ee728b)  -> (artifact id: 'c1c3fdb8568cf9882d7e75ef30d356f6') in 0.005324 seconds
  Import took 0.111641 seconds .

========================================================================
Received Prepare
Registering precompiled user dll's ...
Registered in 0.000602 seconds.
Begin MonoManager ReloadAssembly
Native extension for WindowsStandalone target not found
Refreshing native plugins compatible for Editor in 0.27 ms, found 0 plugins.
Preloading 0 native plugins for Editor in 0.00 ms.
Invoked RoslynAnalysisRunner static constructor.
RoslynAnalysisRunner will not be running.
RoslynAnalysisRunner has terminated.
Mono: successfully reloaded assembly
- Completed reload, in  0.828 seconds
Platform modules already initialized, skipping
Refreshing native plugins compatible for Editor in 0.26 ms, found 0 plugins.
Preloading 0 native plugins for Editor in 0.00 ms.
Unloading 1167 Unused Serialized files (Serialized files now loaded: 0)
System memory in use before: 63.2 MB.
System memory in use after: 63.3 MB.

Unloading 4 unused Assets to reduce memory usage. Loaded Objects now: 1691.
Total: 1.783000 ms (FindLiveObjects: 0.217300 ms CreateObjectMapping: 0.044200 ms MarkObjects: 1.504900 ms  DeleteObjects: 0.015700 ms)

========================================================================
Received Import Request.
  Time since last request: 413.765152 seconds.
  path: Assets/AnimationPlayable/BasePlayableController.cs
  artifactKey: Guid(15c6844d2570ae042874bd563c4f5652) Importer(815301076,1909f56bfc062723c751e8b465ee728b)
Start importing Assets/AnimationPlayable/BasePlayableController.cs using Guid(15c6844d2570ae042874bd563c4f5652) Importer(815301076,1909f56bfc062723c751e8b465ee728b)  -> (artifact id: 'e625771cd1dbec9664c74e27f29f9618') in 0.008446 seconds
  Import took 0.037380 seconds .

========================================================================
Received Prepare
Registering precompiled user dll's ...
Registered in 0.000937 seconds.
Begin MonoManager ReloadAssembly
Native extension for WindowsStandalone target not found
Refreshing native plugins compatible for Editor in 0.25 ms, found 0 plugins.
Preloading 0 native plugins for Editor in 0.00 ms.
Invoked RoslynAnalysisRunner static constructor.
RoslynAnalysisRunner will not be running.
RoslynAnalysisRunner has terminated.
Mono: successfully reloaded assembly
- Completed reload, in  0.709 seconds
Platform modules already initialized, skipping
Refreshing native plugins compatible for Editor in 0.27 ms, found 0 plugins.
Preloading 0 native plugins for Editor in 0.00 ms.
Unloading 1167 Unused Serialized files (Serialized files now loaded: 0)
System memory in use before: 63.2 MB.
System memory in use after: 63.3 MB.

Unloading 4 unused Assets to reduce memory usage. Loaded Objects now: 1694.
Total: 2.101500 ms (FindLiveObjects: 0.309700 ms CreateObjectMapping: 0.092000 ms MarkObjects: 1.681100 ms  DeleteObjects: 0.017500 ms)

AssetImportWorkerClient::OnTransportError - code=2 error=End of file
